<?xml version="1.0" encoding="UTF-8"?>
<!-- Generated by org.testng.reporters.JUnitXMLReporter -->
<testsuite ignored="0" hostname="Rakib-Ansar" failures="0" tests="10" name="Test" time="8.421" errors="0" timestamp="2024-11-25T17:43:42 IST">
  <testcase classname="TestcasesADGM.HomeTestcasesAGDM" name="@BeforeMethod launch" time="7.434">
    <failure type="org.openqa.selenium.WebDriverException" message="unknown error: net::ERR_NAME_NOT_RESOLVED
  (Session info: chrome=131.0.6778.86)
Build info: version: &amp;apos;4.23.0&amp;apos;, revision: &amp;apos;4df0a231af&amp;apos;
System info: os.name: &amp;apos;Windows 11&amp;apos;, os.arch: &amp;apos;amd64&amp;apos;, os.version: &amp;apos;10.0&amp;apos;, java.version: &amp;apos;22.0.1&amp;apos;
Driver info: org.openqa.selenium.chrome.ChromeDriver
Command: [e406a7bdf42236819d90dac02e928706, get {url=https://energy-power-2854.my.salesforce.com/}]
Capabilities {acceptInsecureCerts: false, browserName: chrome, browserVersion: 131.0.6778.86, chrome: {chromedriverVersion: 131.0.6778.85 (3d81e41b6f3a..., userDataDir: C:\Users\RAKIBA~1\AppData\L...}, fedcm:accounts: true, goog:chromeOptions: {debuggerAddress: localhost:49681}, networkConnectionEnabled: false, pageLoadStrategy: normal, platformName: windows, proxy: Proxy(), se:cdp: ws://localhost:49681/devtoo..., se:cdpVersion: 131.0.6778.86, setWindowRect: true, strictFileInteractability: false, timeouts: {implicit: 0, pageLoad: 300000, script: 30000}, unhandledPromptBehavior: dismiss and notify, webauthn:extension:credBlob: true, webauthn:extension:largeBlob: true, webauthn:extension:minPinLength: true, webauthn:extension:prf: true, webauthn:virtualAuthenticators: true}
Session ID: e406a7bdf42236819d90dac02e928706">
      <![CDATA[org.openqa.selenium.WebDriverException: unknown error: net::ERR_NAME_NOT_RESOLVED
  (Session info: chrome=131.0.6778.86)
Build info: version: '4.23.0', revision: '4df0a231af'
System info: os.name: 'Windows 11', os.arch: 'amd64', os.version: '10.0', java.version: '22.0.1'
Driver info: org.openqa.selenium.chrome.ChromeDriver
Command: [e406a7bdf42236819d90dac02e928706, get {url=https://energy-power-2854.my.salesforce.com/}]
Capabilities {acceptInsecureCerts: false, browserName: chrome, browserVersion: 131.0.6778.86, chrome: {chromedriverVersion: 131.0.6778.85 (3d81e41b6f3a..., userDataDir: C:\Users\RAKIBA~1\AppData\L...}, fedcm:accounts: true, goog:chromeOptions: {debuggerAddress: localhost:49681}, networkConnectionEnabled: false, pageLoadStrategy: normal, platformName: windows, proxy: Proxy(), se:cdp: ws://localhost:49681/devtoo..., se:cdpVersion: 131.0.6778.86, setWindowRect: true, strictFileInteractability: false, timeouts: {implicit: 0, pageLoad: 300000, script: 30000}, unhandledPromptBehavior: dismiss and notify, webauthn:extension:credBlob: true, webauthn:extension:largeBlob: true, webauthn:extension:minPinLength: true, webauthn:extension:prf: true, webauthn:virtualAuthenticators: true}
Session ID: e406a7bdf42236819d90dac02e928706
at org.openqa.selenium.remote.ErrorCodec.decode(ErrorCodec.java:167)
at org.openqa.selenium.remote.codec.w3c.W3CHttpResponseCodec.decode(W3CHttpResponseCodec.java:138)
at org.openqa.selenium.remote.codec.w3c.W3CHttpResponseCodec.decode(W3CHttpResponseCodec.java:50)
at org.openqa.selenium.remote.HttpCommandExecutor.execute(HttpCommandExecutor.java:190)
at org.openqa.selenium.remote.service.DriverCommandExecutor.invokeExecute(DriverCommandExecutor.java:216)
at org.openqa.selenium.remote.service.DriverCommandExecutor.execute(DriverCommandExecutor.java:174)
at org.openqa.selenium.remote.RemoteWebDriver.execute(RemoteWebDriver.java:527)
at org.openqa.selenium.remote.RemoteWebDriver.get(RemoteWebDriver.java:302)
at BasicUtility.BaseADGM.webURL(BaseADGM.java:53)
at TestcasesADGM.HomeTestcasesAGDM.launch(HomeTestcasesAGDM.java:22)
at java.base/java.util.ArrayList.forEach(ArrayList.java:1597)
... Removed 32 stack frames]]>
    </failure>
  </testcase> <!-- @BeforeMethod launch -->
  <testcase classname="TestcasesADGM.HomeTestcasesAGDM" name="@AfterMethod quit" time="-1.732536822679E9">
    <skipped/>
  </testcase> <!-- @AfterMethod quit -->
  <testcase classname="TestcasesADGM.HomeTestcasesAGDM" name="@BeforeMethod launch" time="-1.73253682268E9">
    <skipped/>
  </testcase> <!-- @BeforeMethod launch -->
  <testcase classname="TestcasesADGM.HomeTestcasesAGDM" name="@AfterMethod quit" time="-1.732536822686E9">
    <skipped/>
  </testcase> <!-- @AfterMethod quit -->
  <testcase classname="TestcasesADGM.HomeTestcasesAGDM" name="@BeforeMethod launch" time="-1.732536822687E9">
    <skipped/>
  </testcase> <!-- @BeforeMethod launch -->
  <testcase classname="TestcasesADGM.HomeTestcasesAGDM" name="@AfterMethod quit" time="-1.732536822693E9">
    <skipped/>
  </testcase> <!-- @AfterMethod quit -->
  <testcase classname="TestcasesADGM.HomeTestcasesAGDM" name="@BeforeMethod launch" time="-1.732536822693E9">
    <skipped/>
  </testcase> <!-- @BeforeMethod launch -->
  <testcase classname="TestcasesADGM.HomeTestcasesAGDM" name="@AfterMethod quit" time="-1.732536822705E9">
    <skipped/>
  </testcase> <!-- @AfterMethod quit -->
  <testcase classname="TestcasesADGM.HomeTestcasesAGDM" name="@BeforeMethod launch" time="-1.732536822707E9">
    <skipped/>
  </testcase> <!-- @BeforeMethod launch -->
  <testcase classname="TestcasesADGM.HomeTestcasesAGDM" name="@AfterMethod quit" time="-1.73253682271E9">
    <skipped/>
  </testcase> <!-- @AfterMethod quit -->
  <testcase classname="TestcasesADGM.HomeTestcasesAGDM" name="@BeforeMethod launch" time="-1.732536822712E9">
    <skipped/>
  </testcase> <!-- @BeforeMethod launch -->
  <testcase classname="TestcasesADGM.HomeTestcasesAGDM" name="@AfterMethod quit" time="-1.732536822716E9">
    <skipped/>
  </testcase> <!-- @AfterMethod quit -->
  <testcase classname="TestcasesADGM.HomeTestcasesAGDM" name="@BeforeMethod launch" time="-1.732536822717E9">
    <skipped/>
  </testcase> <!-- @BeforeMethod launch -->
  <testcase classname="TestcasesADGM.HomeTestcasesAGDM" name="@AfterMethod quit" time="-1.732536822725E9">
    <skipped/>
  </testcase> <!-- @AfterMethod quit -->
  <testcase classname="TestcasesADGM.HomeTestcasesAGDM" name="@BeforeMethod launch" time="-1.732536822727E9">
    <skipped/>
  </testcase> <!-- @BeforeMethod launch -->
  <testcase classname="TestcasesADGM.HomeTestcasesAGDM" name="@AfterMethod quit" time="-1.732536822731E9">
    <skipped/>
  </testcase> <!-- @AfterMethod quit -->
  <testcase classname="TestcasesADGM.HomeTestcasesAGDM" name="@BeforeMethod launch" time="-1.732536822732E9">
    <skipped/>
  </testcase> <!-- @BeforeMethod launch -->
  <testcase classname="TestcasesADGM.HomeTestcasesAGDM" name="@AfterMethod quit" time="-1.732536822737E9">
    <skipped/>
  </testcase> <!-- @AfterMethod quit -->
  <testcase classname="TestcasesADGM.HomeTestcasesAGDM" name="@BeforeMethod launch" time="-1.732536822738E9">
    <skipped/>
  </testcase> <!-- @BeforeMethod launch -->
  <testcase classname="TestcasesADGM.HomeTestcasesAGDM" name="@AfterMethod quit" time="-1.732536822745E9">
    <skipped/>
  </testcase> <!-- @AfterMethod quit -->
  <testcase classname="TestcasesADGM.HomeTestcasesAGDM" name="addnewcontacts" time="0.0">
    <skipped/>
  </testcase> <!-- addnewcontacts -->
  <testcase classname="TestcasesADGM.HomeTestcasesAGDM" name="addnewcontacts" time="0.0">
    <skipped/>
  </testcase> <!-- addnewcontacts -->
  <testcase classname="TestcasesADGM.HomeTestcasesAGDM" name="addnewcontacts" time="0.0">
    <skipped/>
  </testcase> <!-- addnewcontacts -->
  <testcase classname="TestcasesADGM.HomeTestcasesAGDM" name="addnewcontacts" time="0.0">
    <skipped/>
  </testcase> <!-- addnewcontacts -->
  <testcase classname="TestcasesADGM.HomeTestcasesAGDM" name="addnewcontacts" time="0.0">
    <skipped/>
  </testcase> <!-- addnewcontacts -->
  <testcase classname="TestcasesADGM.HomeTestcasesAGDM" name="addnewcontacts" time="0.0">
    <skipped/>
  </testcase> <!-- addnewcontacts -->
  <testcase classname="TestcasesADGM.HomeTestcasesAGDM" name="addnewcontacts" time="0.0">
    <skipped/>
  </testcase> <!-- addnewcontacts -->
  <testcase classname="TestcasesADGM.HomeTestcasesAGDM" name="addnewcontacts" time="0.0">
    <skipped/>
  </testcase> <!-- addnewcontacts -->
  <testcase classname="TestcasesADGM.HomeTestcasesAGDM" name="addnewcontacts" time="0.0">
    <skipped/>
  </testcase> <!-- addnewcontacts -->
  <testcase classname="TestcasesADGM.HomeTestcasesAGDM" name="addnewcontacts" time="0.0">
    <skipped/>
  </testcase> <!-- addnewcontacts -->
</testsuite> <!-- Test -->
